<?xml version="1.0" encoding="UTF-8"?>
<Site BuildName="Win32-mingw32-make"
	BuildStamp="20231005-1135-Experimental"
	Name="LAPTOP-6VG98L6K"
	Generator="ctest-3.26.4-msvc4"
	CompilerName="C:/MinGW/bin/g++.exe"
	CompilerVersion=""
	OSName="Windows"
	Hostname="LAPTOP-6VG98L6K"
	OSRelease=" Professional"
	OSVersion=" (Build 22621)"
	OSPlatform="AMD64"
	Is64Bits="1"
	VendorString="AuthenticAMD"
	VendorID="Advanced Micro Devices"
	FamilyID="15"
	ModelID="0"
	ProcessorCacheSize="64"
	NumberOfLogicalCPU="16"
	NumberOfPhysicalCPU="8"
	TotalVirtualMemory="69038"
	TotalPhysicalMemory="64942"
	LogicalProcessorsPerPhysical="2"
	ProcessorClockFrequency="3293"
	>
	<Testing>
		<StartDateTime>Oct 05 13:41 Central Europe Summer Time</StartDateTime>
		<StartTestTime>1696506088</StartTestTime>
		<TestList/>
		<EndDateTime>Oct 05 13:41 Central Europe Summer Time</EndDateTime>
		<EndTestTime>1696506088</EndTestTime>
		<ElapsedMinutes>0</ElapsedMinutes>
	</Testing>
</Site>
